<?xml version="1.0" encoding="UTF-8"?>
<testng-results skipped="0" failed="0" ignored="0" total="1" passed="1">
  <reporter-output>
  </reporter-output>
  <suite name="Default suite" duration-ms="19587" started-at="2017-09-29T07:10:08Z" finished-at="2017-09-29T07:10:28Z">
    <groups>
    </groups>
    <test name="Default test" duration-ms="19587" started-at="2017-09-29T07:10:08Z" finished-at="2017-09-29T07:10:28Z">
      <class name="com.tutorial.test.TestConsole">
        <test-method status="PASS" signature="tearUp()[pri:0, instance:com.tutorial.test.TestConsole@1810399e]" name="tearUp" is-config="true" duration-ms="11418" started-at="2017-09-29T12:39:57Z" finished-at="2017-09-29T12:40:08Z">
          <reporter-output>
          </reporter-output>
        </test-method> <!-- tearUp -->
        <test-method status="PASS" signature="test1()[pri:1, instance:com.tutorial.test.TestConsole@1810399e]" name="test1" duration-ms="19577" started-at="2017-09-29T12:40:08Z" finished-at="2017-09-29T12:40:28Z">
          <reporter-output>
          </reporter-output>
        </test-method> <!-- test1 -->
        <test-method status="PASS" signature="tearDown()[pri:0, instance:com.tutorial.test.TestConsole@1810399e]" name="tearDown" is-config="true" duration-ms="117" started-at="2017-09-29T12:40:28Z" finished-at="2017-09-29T12:40:28Z">
          <reporter-output>
          </reporter-output>
        </test-method> <!-- tearDown -->
      </class> <!-- com.tutorial.test.TestConsole -->
    </test> <!-- Default test -->
  </suite> <!-- Default suite -->
</testng-results>
